<?xml version="1.0" encoding="UTF-8"?>
<testng-results skipped="0" failed="0" ignored="0" total="2" passed="2">
  <reporter-output>
  </reporter-output>
  <suite name="ActitimeWeb" duration-ms="34404" started-at="2021-04-15T17:21:27Z" finished-at="2021-04-15T17:22:02Z">
    <groups>
    </groups>
    <test name="Test" duration-ms="34404" started-at="2021-04-15T17:21:27Z" finished-at="2021-04-15T17:22:02Z">
      <class name="com.actitime.testCases.TC_ACTUsers016">
        <test-method status="PASS" signature="preCondition(java.lang.String)[pri:0, instance:com.actitime.testCases.TC_ACTUsers016@887af79]" name="preCondition" is-config="true" duration-ms="15319" started-at="2021-04-15T17:21:28Z" finished-at="2021-04-15T17:21:43Z">
          <params>
            <param index="0">
              <value>
                <![CDATA[chrome]]>
              </value>
            </param>
          </params>
          <reporter-output>
          </reporter-output>
        </test-method> <!-- preCondition -->
        <test-method status="PASS" signature="TC_ACTLoginTest(java.lang.String, java.lang.String)[pri:0, instance:com.actitime.testCases.TC_ACTUsers016@887af79]" name="TC_ACTLoginTest" duration-ms="442" started-at="2021-04-15T17:21:44Z" data-provider="LoginData" finished-at="2021-04-15T17:21:45Z">
          <params>
            <param index="0">
              <value>
                <![CDATA[admin]]>
              </value>
            </param>
            <param index="1">
              <value>
                <![CDATA[manager]]>
              </value>
            </param>
          </params>
          <reporter-output>
          </reporter-output>
        </test-method> <!-- TC_ACTLoginTest -->
        <test-method status="PASS" signature="addNewDept()[pri:0, instance:com.actitime.testCases.TC_ACTUsers016@887af79]" name="addNewDept" duration-ms="14318" started-at="2021-04-15T17:21:45Z" finished-at="2021-04-15T17:21:59Z">
          <reporter-output>
          </reporter-output>
        </test-method> <!-- addNewDept -->
        <test-method status="PASS" signature="postCondition()[pri:0, instance:com.actitime.testCases.TC_ACTUsers016@887af79]" name="postCondition" is-config="true" duration-ms="2790" started-at="2021-04-15T17:21:59Z" finished-at="2021-04-15T17:22:02Z">
          <reporter-output>
          </reporter-output>
        </test-method> <!-- postCondition -->
      </class> <!-- com.actitime.testCases.TC_ACTUsers016 -->
    </test> <!-- Test -->
  </suite> <!-- ActitimeWeb -->
</testng-results>
